<?xml version="1.0" encoding="UTF-8"?><testsuite errors="1" failures="0" name="Simulador de creditos" skipped="0" tests="1" time="21.27" timestamp="2021-06-25 02:44:35"><testcase name="Simulacion exitosa1"><error message="The following error occurred: element click intercepted: Element &lt;button _ngcontent-smt-c101=&quot;&quot; id=&quot;boton-simular&quot; class=&quot;btn btn-block button-primary ng-star-inserted&quot; data-gtm-vis-recent-on-screen-1285339_1724=&quot;7217&quot; data-gtm-vis-first-on-screen-1285339_1724=&quot;7217&quot; data-gtm-vis-total-visible-time-1285339_1724=&quot;100&quot; data-gtm-vis-has-fired-1285339_1724=&quot;1&quot; data-gtm-vis-recent-on-screen-1285339_1761=&quot;7223&quot; data-gtm-vis-first-on-screen-1285339_1761=&quot;7223&quot; data-gtm-vis-total-visible-time-1285339_1761=&quot;100&quot; data-gtm-vis-has-fired-1285339_1761=&quot;1&quot;&gt;...&lt;/button&gt; is not clickable at point (679, 539). Other element would receive the click: &lt;iframe title=&quot;Prueba reCAPTCHA&quot; src=&quot;https://www.google.com/recaptcha/api2/bframe?hl=es&amp;amp;v=eKRIyK-9MtX6JxeZcNZIkfUq&amp;amp;k=6LfbNqUUAAAAAIbyE8MWg6uRBh3VGQKoFYUOMqoB&amp;amp;cb=s1wghc45p3lk&quot; name=&quot;c-kk4a67rsw2v9&quot; frameborder=&quot;0&quot; scrolling=&quot;no&quot; sandbox=&quot;allow-forms allow-popups allow-same-origin allow-scripts allow-top-navigation allow-modals allow-popups-to-escape-sandbox&quot; style=&quot;width: 400px; height: 580px;&quot;&gt;&lt;/iframe&gt;&#10;  (Session info: chrome=91.0.4472.114)&#10;Build info: version: '3.11.0', revision: 'e59cfb3', time: '2018-03-11T20:26:55.152Z'&#10;System info: host: 'CHMEPMP1R4BC5', ip: '192.168.101.9', os.name: 'Windows 10', os.arch: 'amd64', os.version: '10.0', java.version: '1.8.0_131'&#10;Driver info: org.openqa.selenium.remote.RemoteWebDriver&#10;Capabilities {acceptInsecureCerts: false, browserName: chrome, browserVersion: 91.0.4472.114, chrome: {chromedriverVersion: 91.0.4472.101 (af52a90bf870..., userDataDir: C:\Users\adoriam\AppData\Lo...}, goog:chromeOptions: {debuggerAddress: localhost:49391}, javascriptEnabled: true, networkConnectionEnabled: false, pageLoadStrategy: normal, platform: WINDOWS, platformName: WINDOWS, proxy: Proxy(), setWindowRect: true, strictFileInteractability: false, timeouts: {implicit: 0, pageLoad: 300000, script: 30000}, unhandledPromptBehavior: dismiss and notify, webauthn:extension:largeBlob: true, webauthn:virtualAuthenticators: true}&#10;Session ID: 25ca2dc47d354c2eac6a5e69c92aa90f" type="org.openqa.selenium.ElementClickInterceptedException">The following error occurred: element click intercepted: Element &lt;button _ngcontent-smt-c101="" id="boton-simular" class="btn btn-block button-primary ng-star-inserted" data-gtm-vis-recent-on-screen-1285339_1724="7217" data-gtm-vis-first-on-screen-1285339_1724="7217" data-gtm-vis-total-visible-time-1285339_1724="100" data-gtm-vis-has-fired-1285339_1724="1" data-gtm-vis-recent-on-screen-1285339_1761="7223" data-gtm-vis-first-on-screen-1285339_1761="7223" data-gtm-vis-total-visible-time-1285339_1761="100" data-gtm-vis-has-fired-1285339_1761="1"&gt;...&lt;/button&gt; is not clickable at point (679, 539). Other element would receive the click: &lt;iframe title="Prueba reCAPTCHA" src="https://www.google.com/recaptcha/api2/bframe?hl=es&amp;amp;v=eKRIyK-9MtX6JxeZcNZIkfUq&amp;amp;k=6LfbNqUUAAAAAIbyE8MWg6uRBh3VGQKoFYUOMqoB&amp;amp;cb=s1wghc45p3lk" name="c-kk4a67rsw2v9" frameborder="0" scrolling="no" sandbox="allow-forms allow-popups allow-same-origin allow-scripts allow-top-navigation allow-modals allow-popups-to-escape-sandbox" style="width: 400px; height: 580px;"&gt;&lt;/iframe&gt;
  (Session info: chrome=91.0.4472.114)
Build info: version: '3.11.0', revision: 'e59cfb3', time: '2018-03-11T20:26:55.152Z'
System info: host: 'CHMEPMP1R4BC5', ip: '192.168.101.9', os.name: 'Windows 10', os.arch: 'amd64', os.version: '10.0', java.version: '1.8.0_131'
Driver info: org.openqa.selenium.remote.RemoteWebDriver
Capabilities {acceptInsecureCerts: false, browserName: chrome, browserVersion: 91.0.4472.114, chrome: {chromedriverVersion: 91.0.4472.101 (af52a90bf870..., userDataDir: C:\Users\adoriam\AppData\Lo...}, goog:chromeOptions: {debuggerAddress: localhost:49391}, javascriptEnabled: true, networkConnectionEnabled: false, pageLoadStrategy: normal, platform: WINDOWS, platformName: WINDOWS, proxy: Proxy(), setWindowRect: true, strictFileInteractability: false, timeouts: {implicit: 0, pageLoad: 300000, script: 30000}, unhandledPromptBehavior: dismiss and notify, webauthn:extension:largeBlob: true, webauthn:virtualAuthenticators: true}
Session ID: 25ca2dc47d354c2eac6a5e69c92aa90f</error><system-err>The following error occurred: element click intercepted: Element &lt;button _ngcontent-smt-c101="" id="boton-simular" class="btn btn-block button-primary ng-star-inserted" data-gtm-vis-recent-on-screen-1285339_1724="7217" data-gtm-vis-first-on-screen-1285339_1724="7217" data-gtm-vis-total-visible-time-1285339_1724="100" data-gtm-vis-has-fired-1285339_1724="1" data-gtm-vis-recent-on-screen-1285339_1761="7223" data-gtm-vis-first-on-screen-1285339_1761="7223" data-gtm-vis-total-visible-time-1285339_1761="100" data-gtm-vis-has-fired-1285339_1761="1"&gt;...&lt;/button&gt; is not clickable at point (679, 539). Other element would receive the click: &lt;iframe title="Prueba reCAPTCHA" src="https://www.google.com/recaptcha/api2/bframe?hl=es&amp;amp;v=eKRIyK-9MtX6JxeZcNZIkfUq&amp;amp;k=6LfbNqUUAAAAAIbyE8MWg6uRBh3VGQKoFYUOMqoB&amp;amp;cb=s1wghc45p3lk" name="c-kk4a67rsw2v9" frameborder="0" scrolling="no" sandbox="allow-forms allow-popups allow-same-origin allow-scripts allow-top-navigation allow-modals allow-popups-to-escape-sandbox" style="width: 400px; height: 580px;"&gt;&lt;/iframe&gt;
  (Session info: chrome=91.0.4472.114)
Build info: version: '3.11.0', revision: 'e59cfb3', time: '2018-03-11T20:26:55.152Z'
System info: host: 'CHMEPMP1R4BC5', ip: '192.168.101.9', os.name: 'Windows 10', os.arch: 'amd64', os.version: '10.0', java.version: '1.8.0_131'
Driver info: org.openqa.selenium.remote.RemoteWebDriver
Capabilities {acceptInsecureCerts: false, browserName: chrome, browserVersion: 91.0.4472.114, chrome: {chromedriverVersion: 91.0.4472.101 (af52a90bf870..., userDataDir: C:\Users\adoriam\AppData\Lo...}, goog:chromeOptions: {debuggerAddress: localhost:49391}, javascriptEnabled: true, networkConnectionEnabled: false, pageLoadStrategy: normal, platform: WINDOWS, platformName: WINDOWS, proxy: Proxy(), setWindowRect: true, strictFileInteractability: false, timeouts: {implicit: 0, pageLoad: 300000, script: 30000}, unhandledPromptBehavior: dismiss and notify, webauthn:extension:largeBlob: true, webauthn:virtualAuthenticators: true}
Session ID: 25ca2dc47d354c2eac6a5e69c92aa90f&#13;
co.com.choucair.certification.reto2.tasks.PrincipalSi.performAs(PrincipalSi.java:19)&#13;
co.com.choucair.certification.reto2.stepdefinitions.SimulacionBancolombiaStepDefinitions.anaSimulaLaCuotaDeTasaFija(SimulacionBancolombiaStepDefinitions.java:24)&#13;
cucumber.runner.Runner.runPickle(Runner.java:80)&#13;
</system-err></testcase></testsuite>